<?xml version="1.0" encoding="UTF-8"?>
<testsuite name="hello.TestGreeter" tests="3" skipped="0" failures="0" errors="0" timestamp="2018-03-03T07:23:46" hostname="LAPTOP-HB6TPSF8" time="0.003">
  <properties/>
  <testcase name="newtestJHGreeterPass" classname="hello.TestGreeter" time="0.001"/>
  <testcase name="testGreeter" classname="hello.TestGreeter" time="0.0"/>
  <testcase name="testGreeterEmpty" classname="hello.TestGreeter" time="0.001"/>
  <system-out><![CDATA[]]></system-out>
  <system-err><![CDATA[]]></system-err>
</testsuite>
